<?xml version="1.0" encoding="UTF-8"?>
<testng-results total="2" passed="2" failed="0" skipped="0">
  <reporter-output>
  </reporter-output>
  <suite started-at="2018-06-15T17:19:21Z" name="Suite" finished-at="2018-06-15T17:20:37Z" duration-ms="75434">
    <groups>
    </groups>
    <test started-at="2018-06-15T17:19:21Z" name="Test" finished-at="2018-06-15T17:20:37Z" duration-ms="75434">
      <class name="example.EcomBookingScript">
        <test-method is-config="true" signature="beforeTest()[pri:0, instance:example.EcomBookingScript@38c6f217]" started-at="2018-06-16T00:19:21Z" name="beforeTest" finished-at="2018-06-16T00:19:40Z" duration-ms="18354" status="PASS">
          <reporter-output>
          </reporter-output>
        </test-method> <!-- beforeTest -->
        <test-method is-config="true" signature="beforeTest()[pri:0, instance:example.NewTest@1aa7ecca]" started-at="2018-06-16T00:19:40Z" name="beforeTest" finished-at="2018-06-16T00:19:45Z" duration-ms="4719" status="PASS">
          <reporter-output>
          </reporter-output>
        </test-method> <!-- beforeTest -->
        <test-method signature="runBooking()[pri:0, instance:example.EcomBookingScript@38c6f217]" started-at="2018-06-16T00:19:45Z" name="runBooking" finished-at="2018-06-16T00:20:31Z" duration-ms="46110" status="PASS">
          <reporter-output>
          </reporter-output>
        </test-method> <!-- runBooking -->
        <test-method is-config="true" signature="afterTest()[pri:0, instance:example.EcomBookingScript@38c6f217]" started-at="2018-06-16T00:20:35Z" name="afterTest" finished-at="2018-06-16T00:20:36Z" duration-ms="1022" status="PASS">
          <reporter-output>
          </reporter-output>
        </test-method> <!-- afterTest -->
        <test-method is-config="true" signature="afterTest()[pri:0, instance:example.NewTest@1aa7ecca]" started-at="2018-06-16T00:20:36Z" name="afterTest" finished-at="2018-06-16T00:20:37Z" duration-ms="773" status="PASS">
          <reporter-output>
          </reporter-output>
        </test-method> <!-- afterTest -->
      </class> <!-- example.EcomBookingScript -->
      <class name="example.NewTest">
        <test-method signature="testEasy()[pri:0, instance:example.NewTest@1aa7ecca]" started-at="2018-06-16T00:20:31Z" name="testEasy" finished-at="2018-06-16T00:20:35Z" duration-ms="4442" status="PASS">
          <reporter-output>
          </reporter-output>
        </test-method> <!-- testEasy -->
      </class> <!-- example.NewTest -->
    </test> <!-- Test -->
  </suite> <!-- Suite -->
</testng-results>
