<?xml version="1.0" encoding="UTF-8"?>
<testng-results total="1" passed="1" failed="0" skipped="0">
  <reporter-output>
  </reporter-output>
  <suite started-at="2018-06-15T17:38:27Z" name="Default suite" finished-at="2018-06-15T17:39:39Z" duration-ms="71332">
    <groups>
    </groups>
    <test started-at="2018-06-15T17:38:27Z" name="Default test" finished-at="2018-06-15T17:39:39Z" duration-ms="71332">
      <class name="example.EcomBookingScript">
        <test-method is-config="true" signature="beforeTest()[pri:0, instance:example.EcomBookingScript@1ff4931d]" started-at="2018-06-16T00:38:27Z" name="beforeTest" finished-at="2018-06-16T00:38:51Z" duration-ms="23604" status="PASS">
          <reporter-output>
          </reporter-output>
        </test-method> <!-- beforeTest -->
        <test-method signature="runBooking()[pri:0, instance:example.EcomBookingScript@1ff4931d]" started-at="2018-06-16T00:38:51Z" name="runBooking" finished-at="2018-06-16T00:39:37Z" duration-ms="46356" status="PASS">
          <reporter-output>
          </reporter-output>
        </test-method> <!-- runBooking -->
        <test-method is-config="true" signature="afterTest()[pri:0, instance:example.EcomBookingScript@1ff4931d]" started-at="2018-06-16T00:39:37Z" name="afterTest" finished-at="2018-06-16T00:39:39Z" duration-ms="1347" status="PASS">
          <reporter-output>
          </reporter-output>
        </test-method> <!-- afterTest -->
      </class> <!-- example.EcomBookingScript -->
    </test> <!-- Default test -->
  </suite> <!-- Default suite -->
</testng-results>
